                                 Started job on |	Sep 24 17:36:43
                             Started mapping on |	Sep 24 17:36:43
                                    Finished on |	Sep 24 17:36:43
       Mapping speed, Million of reads per hour |	inf

                          Number of input reads |	100
                      Average input read length |	194
                                    UNIQUE READS:
                   Uniquely mapped reads number |	0
                        Uniquely mapped reads % |	0.00%
                          Average mapped length |	0.00
                       Number of splices: Total |	0
            Number of splices: Annotated (sjdb) |	0
                       Number of splices: GT/AG |	0
                       Number of splices: GC/AG |	0
                       Number of splices: AT/AC |	0
               Number of splices: Non-canonical |	0
                      Mismatch rate per base, % |	-nan%
                         Deletion rate per base |	0.00%
                        Deletion average length |	0.00
                        Insertion rate per base |	0.00%
                       Insertion average length |	0.00
                             MULTI-MAPPING READS:
        Number of reads mapped to multiple loci |	3
             % of reads mapped to multiple loci |	3.00%
        Number of reads mapped to too many loci |	1
             % of reads mapped to too many loci |	1.00%
                                  UNMAPPED READS:
       % of reads unmapped: too many mismatches |	2.00%
                 % of reads unmapped: too short |	9.00%
                     % of reads unmapped: other |	85.00%
                                  CHIMERIC READS:
                       Number of chimeric reads |	0
                            % of chimeric reads |	0.00%
