                                 Started job on |	Sep 24 17:36:46
                             Started mapping on |	Sep 24 17:36:46
                                    Finished on |	Sep 24 17:36:46
       Mapping speed, Million of reads per hour |	inf

                          Number of input reads |	100
                      Average input read length |	184
                                    UNIQUE READS:
                   Uniquely mapped reads number |	1
                        Uniquely mapped reads % |	1.00%
                          Average mapped length |	191.00
                       Number of splices: Total |	2
            Number of splices: Annotated (sjdb) |	0
                       Number of splices: GT/AG |	2
                       Number of splices: GC/AG |	0
                       Number of splices: AT/AC |	0
               Number of splices: Non-canonical |	0
                      Mismatch rate per base, % |	3.66%
                         Deletion rate per base |	0.00%
                        Deletion average length |	0.00
                        Insertion rate per base |	0.00%
                       Insertion average length |	0.00
                             MULTI-MAPPING READS:
        Number of reads mapped to multiple loci |	4
             % of reads mapped to multiple loci |	4.00%
        Number of reads mapped to too many loci |	1
             % of reads mapped to too many loci |	1.00%
                                  UNMAPPED READS:
       % of reads unmapped: too many mismatches |	9.00%
                 % of reads unmapped: too short |	13.00%
                     % of reads unmapped: other |	72.00%
                                  CHIMERIC READS:
                       Number of chimeric reads |	0
                            % of chimeric reads |	0.00%
